<?xml version="1.0" encoding="UTF-8"?>
<!-- Generated by org.testng.reporters.JUnitReportReporter -->
<testsuite hostname="LAPTOP-TRLOEU4K" failures="0" tests="1" name="CucumberOptions.TestNG" time="5.251" errors="1" timestamp="2024-04-21T11:55:18 IST" skipped="0">
  <testcase classname="CucumberOptions.TestNG" name="runScenario" time="5.251">
    <error message="Cannot invoke &quot;org.openqa.selenium.WebDriver.findElement(org.openqa.selenium.By)&quot; because &quot;this.driver&quot; is null" type="java.lang.NullPointerException">
      <![CDATA[java.lang.NullPointerException: Cannot invoke "org.openqa.selenium.WebDriver.findElement(org.openqa.selenium.By)" because "this.driver" is null
at pageObjects.HomePageObjects.searchItem(HomePageObjects.java:18)
at StepDef.Homepage.searches_for_a_product_with_the_shorname_by_ectracting_full_name(Homepage.java:44)
at ✽.searches for a product with the shorname "Tom" by ectracting full name(file:///D:/java/eclipse/java%20workspace%20ide/Automation/src/test/resources/Features/Serach.feature:6)
]]>
    </error>
  </testcase> <!-- runScenario -->
</testsuite> <!-- CucumberOptions.TestNG -->
