<?xml version="1.0" encoding="UTF-8"?>
<!-- Generated by org.testng.reporters.JUnitXMLReporter -->
<testsuite ignored="0" hostname="LAPTOP-TRLOEU4K" failures="1" tests="1" name="Default test" time="5.616" errors="0" timestamp="2024-04-21T11:55:18 IST">
  <testcase classname="io.cucumber.testng.AbstractTestNGCucumberTests" name="runScenario" time="5.251">
    <failure type="java.lang.NullPointerException" message="Cannot invoke &amp;quot;org.openqa.selenium.WebDriver.findElement(org.openqa.selenium.By)&amp;quot; because &amp;quot;this.driver&amp;quot; is null">
      <![CDATA[java.lang.NullPointerException: Cannot invoke "org.openqa.selenium.WebDriver.findElement(org.openqa.selenium.By)" because "this.driver" is null
at pageObjects.HomePageObjects.searchItem(HomePageObjects.java:18)
at StepDef.Homepage.searches_for_a_product_with_the_shorname_by_ectracting_full_name(Homepage.java:44)
at ✽.searches for a product with the shorname "Tom" by ectracting full name(file:///D:/java/eclipse/java%20workspace%20ide/Automation/src/test/resources/Features/Serach.feature:6)
]]>
    </failure>
  </testcase> <!-- runScenario -->
</testsuite> <!-- Default test -->
