<?xml version="1.0" encoding="UTF-8"?>
<testng-results ignored="0" total="1" passed="0" failed="1" skipped="0">
  <reporter-output>
  </reporter-output>
  <suite started-at="2024-04-21T11:55:12 IST" name="Default suite" finished-at="2024-04-21T11:55:18 IST" duration-ms="5616">
    <groups>
      <group name="cucumber">
        <method signature="AbstractTestNGCucumberTests.runScenario(io.cucumber.testng.PickleWrapper,io.cucumber.testng.FeatureWrapper)[pri:0, instance:CucumberOptions.TestNG@53045c6c]" name="runScenario" class="io.cucumber.testng.AbstractTestNGCucumberTests"/>
      </group> <!-- cucumber -->
    </groups>
    <test started-at="2024-04-21T11:55:12 IST" name="Default test" finished-at="2024-04-21T11:55:18 IST" duration-ms="5616">
      <class name="CucumberOptions.TestNG">
        <test-method is-config="true" signature="setUpClass(org.testng.ITestContext)[pri:0, instance:CucumberOptions.TestNG@53045c6c]" started-at="2024-04-21T11:55:12 IST" name="setUpClass" finished-at="2024-04-21T11:55:12 IST" duration-ms="280" status="PASS">
          <params>
            <param index="0">
              <value>
                <![CDATA[org.testng.TestRunner@1ba05e38]]>
              </value>
            </param>
          </params>
          <reporter-output>
          </reporter-output>
        </test-method> <!-- setUpClass -->
        <test-method signature="runScenario(io.cucumber.testng.PickleWrapper,io.cucumber.testng.FeatureWrapper)[pri:0, instance:CucumberOptions.TestNG@53045c6c]" started-at="2024-04-21T11:55:12 IST" name="runScenario" description="Runs Cucumber Scenarios" data-provider="scenarios" finished-at="2024-04-21T11:55:18 IST" duration-ms="5251" status="FAIL">
          <params>
            <param index="0">
              <value>
                <![CDATA["searching for a product with ShortName"]]>
              </value>
            </param>
            <param index="1">
              <value>
                <![CDATA["searching for a product"]]>
              </value>
            </param>
          </params>
          <exception class="java.lang.NullPointerException">
            <message>
              <![CDATA[Cannot invoke "org.openqa.selenium.WebDriver.findElement(org.openqa.selenium.By)" because "this.driver" is null]]>
            </message>
            <full-stacktrace>
              <![CDATA[java.lang.NullPointerException: Cannot invoke "org.openqa.selenium.WebDriver.findElement(org.openqa.selenium.By)" because "this.driver" is null
at pageObjects.HomePageObjects.searchItem(HomePageObjects.java:18)
at StepDef.Homepage.searches_for_a_product_with_the_shorname_by_ectracting_full_name(Homepage.java:44)
at ✽.searches for a product with the shorname "Tom" by ectracting full name(file:///D:/java/eclipse/java%20workspace%20ide/Automation/src/test/resources/Features/Serach.feature:6)
]]>
            </full-stacktrace>
          </exception> <!-- java.lang.NullPointerException -->
          <reporter-output>
          </reporter-output>
        </test-method> <!-- runScenario -->
        <test-method is-config="true" signature="tearDownClass()[pri:0, instance:CucumberOptions.TestNG@53045c6c]" started-at="2024-04-21T11:55:18 IST" name="tearDownClass" finished-at="2024-04-21T11:55:18 IST" duration-ms="4" status="PASS">
          <reporter-output>
          </reporter-output>
        </test-method> <!-- tearDownClass -->
      </class> <!-- CucumberOptions.TestNG -->
    </test> <!-- Default test -->
  </suite> <!-- Default suite -->
</testng-results>
