<?xml version="1.0" encoding="UTF-8"?>
<!-- Generated by org.testng.reporters.JUnitXMLReporter -->
<testsuite ignored="0" hostname="LAPTOP-TRLOEU4K" failures="0" tests="4" name="Default test" time="7.382" errors="0" timestamp="2024-05-03T07:36:40 IST">
  <testcase classname="com.pw.greenkart.Tests.HomePageTest" name="validatePageTitleUrl" time="0.032"/>
  <testcase classname="com.pw.greenkart.Tests.HomePageTest" name="searchItem" time="0.717"/>
  <testcase classname="com.pw.greenkart.Tests.HomePageTest" name="searchItem" time="0.474"/>
  <testcase classname="com.pw.greenkart.Tests.HomePageTest" name="searchItem" time="0.368"/>
</testsuite> <!-- Default test -->
